# JRE version: Java(TM) SE Runtime Environment (10.0.2+13) (build 10.0.2+13)
# Java VM: Java HotSpot(TM) 64-Bit Server VM (10.0.2+13, mixed mode, tiered, compressed oops, g1 gc, windows-amd64)
Heap:
 garbage-first heap   total 129024K, used 50753K [0x0000000082000000, 0x0000000100000000)
  region size 1024K, 33 young (33792K), 3 survivors (3072K)
 Metaspace       used 41787K, capacity 42226K, committed 42700K, reserved 1087488K
  class space    used 4837K, capacity 4995K, committed 5068K, reserved 1048576K
GC Heap History (8 events):
Event: 0.426 GC heap before
{Heap before GC invocations=0 (full 0):
 garbage-first heap   total 129024K, used 17408K [0x0000000082000000, 0x0000000100000000)
  region size 1024K, 14 young (14336K), 0 survivors (0K)
 Metaspace       used 9897K, capacity 10041K, committed 10240K, reserved 1058816K
  class space    used 851K, capacity 902K, committed 1024K, reserved 1048576K
}
Event: 0.429 GC heap after
{Heap after GC invocations=1 (full 0):
 garbage-first heap   total 129024K, used 5479K [0x0000000082000000, 0x0000000100000000)
  region size 1024K, 2 young (2048K), 2 survivors (2048K)
 Metaspace       used 9897K, capacity 10041K, committed 10240K, reserved 1058816K
  class space    used 851K, capacity 902K, committed 1024K, reserved 1048576K
}
Event: 1.328 GC heap before
{Heap before GC invocations=1 (full 0):
 garbage-first heap   total 129024K, used 50535K [0x0000000082000000, 0x0000000100000000)
  region size 1024K, 47 young (48128K), 2 survivors (2048K)
 Metaspace       used 20865K, capacity 21135K, committed 21248K, reserved 1069056K
  class space    used 2163K, capacity 2252K, committed 2304K, reserved 1048576K
}
Event: 1.340 GC heap after
{Heap after GC invocations=2 (full 0):
 garbage-first heap   total 129024K, used 9575K [0x0000000082000000, 0x0000000100000000)
  region size 1024K, 6 young (6144K), 6 survivors (6144K)
 Metaspace       used 20865K, capacity 21135K, committed 21248K, reserved 1069056K
  class space    used 2163K, capacity 2252K, committed 2304K, reserved 1048576K
}
Event: 2.405 GC heap before
{Heap before GC invocations=3 (full 0):
 garbage-first heap   total 129024K, used 64871K [0x0000000082000000, 0x0000000100000000)
  region size 1024K, 54 young (55296K), 6 survivors (6144K)
 Metaspace       used 29680K, capacity 30004K, committed 30208K, reserved 1077248K
  class space    used 3152K, capacity 3295K, committed 3328K, reserved 1048576K
}
Event: 2.423 GC heap after
{Heap after GC invocations=4 (full 0):
 garbage-first heap   total 129024K, used 16221K [0x0000000082000000, 0x0000000100000000)
  region size 1024K, 7 young (7168K), 7 survivors (7168K)
 Metaspace       used 29680K, capacity 30004K, committed 30208K, reserved 1077248K
  class space    used 3152K, capacity 3295K, committed 3328K, reserved 1048576K
}
Event: 2.773 GC heap before
{Heap before GC invocations=4 (full 0):
 garbage-first heap   total 129024K, used 40797K [0x0000000082000000, 0x0000000100000000)
  region size 1024K, 32 young (32768K), 7 survivors (7168K)
 Metaspace       used 35222K, capacity 35532K, committed 35840K, reserved 1081344K
  class space    used 4059K, capacity 4198K, committed 4224K, reserved 1048576K
}
Event: 2.784 GC heap after
{Heap after GC invocations=5 (full 0):
 garbage-first heap   total 129024K, used 19009K [0x0000000082000000, 0x0000000100000000)
  region size 1024K, 3 young (3072K), 3 survivors (3072K)
 Metaspace       used 35222K, capacity 35532K, committed 35840K, reserved 1081344K
  class space    used 4059K, capacity 4198K, committed 4224K, reserved 1048576K
}

