# JRE version: OpenJDK Runtime Environment (8.0_212-b04) (build 1.8.0_212-release-1586-b04)
# Java VM: OpenJDK 64-Bit Server VM (25.212-b04 mixed mode windows-amd64 compressed oops)
Heap:
 PSYoungGen      total 37888K, used 36307K [0x00000000d6000000, 0x00000000d8a00000, 0x0000000100000000)
  eden space 32768K, 95% used [0x00000000d6000000,0x00000000d7e7c6b8,0x00000000d8000000)
  from space 5120K, 99% used [0x00000000d8000000,0x00000000d84f8918,0x00000000d8500000)
  to   space 5120K, 0% used [0x00000000d8500000,0x00000000d8500000,0x00000000d8a00000)
 ParOldGen       total 65024K, used 19281K [0x0000000082000000, 0x0000000085f80000, 0x00000000d6000000)
  object space 65024K, 29% used [0x0000000082000000,0x00000000832d4708,0x0000000085f80000)
 Metaspace       used 34400K, capacity 34929K, committed 35200K, reserved 1079296K
  class space    used 4351K, capacity 4480K, committed 4480K, reserved 1048576K
GC Heap History (10 events):
Event: 2.008 GC heap before
{Heap before GC invocations=2 (full 0):
 PSYoungGen      total 37888K, used 37885K [0x00000000d6000000, 0x00000000d8a00000, 0x0000000100000000)
  eden space 32768K, 100% used [0x00000000d6000000,0x00000000d8000000,0x00000000d8000000)
  from space 5120K, 99% used [0x00000000d8000000,0x00000000d84ff588,0x00000000d8500000)
  to   space 5120K, 0% used [0x00000000d8500000,0x00000000d8500000,0x00000000d8a00000)
 ParOldGen       total 86016K, used 2694K [0x0000000082000000, 0x0000000087400000, 0x00000000d6000000)
  object space 86016K, 3% used [0x0000000082000000,0x00000000822a19e8,0x0000000087400000)
 Metaspace       used 15678K, capacity 16006K, committed 16256K, reserved 1062912K
  class space    used 1824K, capacity 1911K, committed 1920K, reserved 1048576K
Event: 2.017 GC heap after
Heap after GC invocations=2 (full 0):
 PSYoungGen      total 37888K, used 5101K [0x00000000d6000000, 0x00000000d8a00000, 0x0000000100000000)
  eden space 32768K, 0% used [0x00000000d6000000,0x00000000d6000000,0x00000000d8000000)
  from space 5120K, 99% used [0x00000000d8500000,0x00000000d89fb4b8,0x00000000d8a00000)
  to   space 5120K, 0% used [0x00000000d8000000,0x00000000d8000000,0x00000000d8500000)
 ParOldGen       total 86016K, used 7396K [0x0000000082000000, 0x0000000087400000, 0x00000000d6000000)
  object space 86016K, 8% used [0x0000000082000000,0x0000000082739240,0x0000000087400000)
 Metaspace       used 15678K, capacity 16006K, committed 16256K, reserved 1062912K
  class space    used 1824K, capacity 1911K, committed 1920K, reserved 1048576K
}
Event: 2.314 GC heap before
{Heap before GC invocations=3 (full 0):
 PSYoungGen      total 37888K, used 23773K [0x00000000d6000000, 0x00000000d8a00000, 0x0000000100000000)
  eden space 32768K, 56% used [0x00000000d6000000,0x00000000d723c018,0x00000000d8000000)
  from space 5120K, 99% used [0x00000000d8500000,0x00000000d89fb4b8,0x00000000d8a00000)
  to   space 5120K, 0% used [0x00000000d8000000,0x00000000d8000000,0x00000000d8500000)
 ParOldGen       total 86016K, used 7396K [0x0000000082000000, 0x0000000087400000, 0x00000000d6000000)
  object space 86016K, 8% used [0x0000000082000000,0x0000000082739240,0x0000000087400000)
 Metaspace       used 20766K, capacity 21158K, committed 21296K, reserved 1069056K
  class space    used 2463K, capacity 2629K, committed 2688K, reserved 1048576K
Event: 2.322 GC heap after
Heap after GC invocations=3 (full 0):
 PSYoungGen      total 37888K, used 5117K [0x00000000d6000000, 0x00000000d8a00000, 0x0000000100000000)
  eden space 32768K, 0% used [0x00000000d6000000,0x00000000d6000000,0x00000000d8000000)
  from space 5120K, 99% used [0x00000000d8000000,0x00000000d84ff4e8,0x00000000d8500000)
  to   space 5120K, 0% used [0x00000000d8500000,0x00000000d8500000,0x00000000d8a00000)
 ParOldGen       total 86016K, used 11647K [0x0000000082000000, 0x0000000087400000, 0x00000000d6000000)
  object space 86016K, 13% used [0x0000000082000000,0x0000000082b5fce0,0x0000000087400000)
 Metaspace       used 20766K, capacity 21158K, committed 21296K, reserved 1069056K
  class space    used 2463K, capacity 2629K, committed 2688K, reserved 1048576K
}
Event: 2.322 GC heap before
{Heap before GC invocations=4 (full 1):
 PSYoungGen      total 37888K, used 5117K [0x00000000d6000000, 0x00000000d8a00000, 0x0000000100000000)
  eden space 32768K, 0% used [0x00000000d6000000,0x00000000d6000000,0x00000000d8000000)
  from space 5120K, 99% used [0x00000000d8000000,0x00000000d84ff4e8,0x00000000d8500000)
  to   space 5120K, 0% used [0x00000000d8500000,0x00000000d8500000,0x00000000d8a00000)
 ParOldGen       total 86016K, used 11647K [0x0000000082000000, 0x0000000087400000, 0x00000000d6000000)
  object space 86016K, 13% used [0x0000000082000000,0x0000000082b5fce0,0x0000000087400000)
 Metaspace       used 20766K, capacity 21158K, committed 21296K, reserved 1069056K
  class space    used 2463K, capacity 2629K, committed 2688K, reserved 1048576K
Event: 2.358 GC heap after
Heap after GC invocations=4 (full 1):
 PSYoungGen      total 37888K, used 0K [0x00000000d6000000, 0x00000000d8a00000, 0x0000000100000000)
  eden space 32768K, 0% used [0x00000000d6000000,0x00000000d6000000,0x00000000d8000000)
  from space 5120K, 0% used [0x00000000d8000000,0x00000000d8000000,0x00000000d8500000)
  to   space 5120K, 0% used [0x00000000d8500000,0x00000000d8500000,0x00000000d8a00000)
 ParOldGen       total 65024K, used 9195K [0x0000000082000000, 0x0000000085f80000, 0x00000000d6000000)
  object space 65024K, 14% used [0x0000000082000000,0x00000000828fae18,0x0000000085f80000)
 Metaspace       used 20766K, capacity 21158K, committed 21296K, reserved 1069056K
  class space    used 2463K, capacity 2629K, committed 2688K, reserved 1048576K
}
Event: 2.949 GC heap before
{Heap before GC invocations=5 (full 1):
 PSYoungGen      total 37888K, used 32768K [0x00000000d6000000, 0x00000000d8a00000, 0x0000000100000000)
  eden space 32768K, 100% used [0x00000000d6000000,0x00000000d8000000,0x00000000d8000000)
  from space 5120K, 0% used [0x00000000d8000000,0x00000000d8000000,0x00000000d8500000)
  to   space 5120K, 0% used [0x00000000d8500000,0x00000000d8500000,0x00000000d8a00000)
 ParOldGen       total 65024K, used 9195K [0x0000000082000000, 0x0000000085f80000, 0x00000000d6000000)
  object space 65024K, 14% used [0x0000000082000000,0x00000000828fae18,0x0000000085f80000)
 Metaspace       used 22857K, capacity 23311K, committed 23424K, reserved 1069056K
  class space    used 2723K, capacity 2890K, committed 2944K, reserved 1048576K
Event: 3.002 GC heap after
Heap after GC invocations=5 (full 1):
 PSYoungGen      total 37888K, used 5105K [0x00000000d6000000, 0x00000000d8a00000, 0x0000000100000000)
  eden space 32768K, 0% used [0x00000000d6000000,0x00000000d6000000,0x00000000d8000000)
  from space 5120K, 99% used [0x00000000d8500000,0x00000000d89fc530,0x00000000d8a00000)
  to   space 5120K, 0% used [0x00000000d8000000,0x00000000d8000000,0x00000000d8500000)
 ParOldGen       total 65024K, used 10784K [0x0000000082000000, 0x0000000085f80000, 0x00000000d6000000)
  object space 65024K, 16% used [0x0000000082000000,0x0000000082a881b8,0x0000000085f80000)
 Metaspace       used 22857K, capacity 23311K, committed 23424K, reserved 1069056K
  class space    used 2723K, capacity 2890K, committed 2944K, reserved 1048576K
}
Event: 3.628 GC heap before
{Heap before GC invocations=6 (full 1):
 PSYoungGen      total 37888K, used 37873K [0x00000000d6000000, 0x00000000d8a00000, 0x0000000100000000)
  eden space 32768K, 100% used [0x00000000d6000000,0x00000000d8000000,0x00000000d8000000)
  from space 5120K, 99% used [0x00000000d8500000,0x00000000d89fc530,0x00000000d8a00000)
  to   space 5120K, 0% used [0x00000000d8000000,0x00000000d8000000,0x00000000d8500000)
 ParOldGen       total 65024K, used 10784K [0x0000000082000000, 0x0000000085f80000, 0x00000000d6000000)
  object space 65024K, 16% used [0x0000000082000000,0x0000000082a881b8,0x0000000085f80000)
 Metaspace       used 28405K, capacity 28857K, committed 29312K, reserved 1075200K
  class space    used 3437K, capacity 3600K, committed 3712K, reserved 1048576K
Event: 3.644 GC heap after
Heap after GC invocations=6 (full 1):
 PSYoungGen      total 37888K, used 5090K [0x00000000d6000000, 0x00000000d8a00000, 0x0000000100000000)
  eden space 32768K, 0% used [0x00000000d6000000,0x00000000d6000000,0x00000000d8000000)
  from space 5120K, 99% used [0x00000000d8000000,0x00000000d84f8918,0x00000000d8500000)
  to   space 5120K, 0% used [0x00000000d8500000,0x00000000d8500000,0x00000000d8a00000)
 ParOldGen       total 65024K, used 19281K [0x0000000082000000, 0x0000000085f80000, 0x00000000d6000000)
  object space 65024K, 29% used [0x0000000082000000,0x00000000832d4708,0x0000000085f80000)
 Metaspace       used 28405K, capacity 28857K, committed 29312K, reserved 1075200K
  class space    used 3437K, capacity 3600K, committed 3712K, reserved 1048576K
}

