# JRE version: Java(TM) SE Runtime Environment (10.0.2+13) (build 10.0.2+13)
# Java VM: Java HotSpot(TM) 64-Bit Server VM (10.0.2+13, mixed mode, tiered, compressed oops, g1 gc, windows-amd64)
Heap:
 garbage-first heap   total 187392K, used 77661K [0x0000000082000000, 0x0000000100000000)
  region size 1024K, 11 young (11264K), 5 survivors (5120K)
 Metaspace       used 63896K, capacity 64563K, committed 65356K, reserved 1107968K
  class space    used 7142K, capacity 7433K, committed 7500K, reserved 1048576K
GC Heap History (10 events):
Event: 4.543 GC heap before
{Heap before GC invocations=6 (full 0):
 garbage-first heap   total 129024K, used 86754K [0x0000000082000000, 0x0000000100000000)
  region size 1024K, 67 young (68608K), 3 survivors (3072K)
 Metaspace       used 43843K, capacity 44282K, committed 44620K, reserved 1089536K
  class space    used 5025K, capacity 5178K, committed 5196K, reserved 1048576K
}
Event: 4.558 GC heap after
{Heap after GC invocations=7 (full 0):
 garbage-first heap   total 155648K, used 28203K [0x0000000082000000, 0x0000000100000000)
  region size 1024K, 9 young (9216K), 9 survivors (9216K)
 Metaspace       used 43843K, capacity 44282K, committed 44620K, reserved 1089536K
  class space    used 5025K, capacity 5178K, committed 5196K, reserved 1048576K
}
Event: 6.286 GC heap before
{Heap before GC invocations=8 (full 0):
 garbage-first heap   total 155648K, used 98859K [0x0000000082000000, 0x0000000100000000)
  region size 1024K, 78 young (79872K), 9 survivors (9216K)
 Metaspace       used 51968K, capacity 52512K, committed 53068K, reserved 1095680K
  class space    used 5899K, capacity 6120K, committed 6220K, reserved 1048576K
}
Event: 6.314 GC heap after
{Heap after GC invocations=9 (full 0):
 garbage-first heap   total 155648K, used 40314K [0x0000000082000000, 0x0000000100000000)
  region size 1024K, 10 young (10240K), 10 survivors (10240K)
 Metaspace       used 51968K, capacity 52512K, committed 53068K, reserved 1095680K
  class space    used 5899K, capacity 6120K, committed 6220K, reserved 1048576K
}
Event: 7.923 GC heap before
{Heap before GC invocations=9 (full 0):
 garbage-first heap   total 155648K, used 99706K [0x0000000082000000, 0x0000000100000000)
  region size 1024K, 68 young (69632K), 10 survivors (10240K)
 Metaspace       used 58197K, capacity 58891K, committed 59724K, reserved 1101824K
  class space    used 6599K, capacity 6894K, committed 6988K, reserved 1048576K
}
Event: 7.949 GC heap after
{Heap after GC invocations=10 (full 0):
 garbage-first heap   total 155648K, used 47503K [0x0000000082000000, 0x0000000100000000)
  region size 1024K, 6 young (6144K), 6 survivors (6144K)
 Metaspace       used 58197K, capacity 58891K, committed 59724K, reserved 1101824K
  class space    used 6599K, capacity 6894K, committed 6988K, reserved 1048576K
}
Event: 9.536 GC heap before
{Heap before GC invocations=10 (full 0):
 garbage-first heap   total 155648K, used 124303K [0x0000000082000000, 0x0000000100000000)
  region size 1024K, 67 young (68608K), 6 survivors (6144K)
 Metaspace       used 60972K, capacity 61621K, committed 62412K, reserved 1103872K
  class space    used 6793K, capacity 7073K, committed 7116K, reserved 1048576K
}
Event: 9.562 GC heap after
{Heap after GC invocations=11 (full 0):
 garbage-first heap   total 155648K, used 64990K [0x0000000082000000, 0x0000000100000000)
  region size 1024K, 9 young (9216K), 9 survivors (9216K)
 Metaspace       used 60972K, capacity 61621K, committed 62412K, reserved 1103872K
  class space    used 6793K, capacity 7073K, committed 7116K, reserved 1048576K
}
Event: 10.628 GC heap before
{Heap before GC invocations=11 (full 0):
 garbage-first heap   total 155648K, used 118238K [0x0000000082000000, 0x0000000100000000)
  region size 1024K, 59 young (60416K), 9 survivors (9216K)
 Metaspace       used 63268K, capacity 63945K, committed 64844K, reserved 1105920K
  class space    used 7096K, capacity 7397K, committed 7500K, reserved 1048576K
}
Event: 10.652 GC heap after
{Heap after GC invocations=12 (full 0):
 garbage-first heap   total 187392K, used 72541K [0x0000000082000000, 0x0000000100000000)
  region size 1024K, 5 young (5120K), 5 survivors (5120K)
 Metaspace       used 63268K, capacity 63945K, committed 64844K, reserved 1105920K
  class space    used 7096K, capacity 7397K, committed 7500K, reserved 1048576K
}

